W0406 21:04:02.370000 20628 site-packages\torch\_dynamo\convert_frame.py:1125] WON'T CONVERT forward c:\users\administrator\desktop\di725-github\di725\assignment_1\model_sentiment.py line 39
W0406 21:04:02.370000 20628 site-packages\torch\_dynamo\convert_frame.py:1125] due to:
W0406 21:04:02.370000 20628 site-packages\torch\_dynamo\convert_frame.py:1125] Traceback (most recent call last):
W0406 21:04:02.370000 20628 site-packages\torch\_dynamo\convert_frame.py:1125]   File "C:\ProgramData\anaconda3\envs\di725-a1\Lib\site-packages\torch\_dynamo\output_graph.py", line 1446, in _call_user_compiler
W0406 21:04:02.370000 20628 site-packages\torch\_dynamo\convert_frame.py:1125]     compiled_fn = compiler_fn(gm, self.example_inputs())
W0406 21:04:02.370000 20628 site-packages\torch\_dynamo\convert_frame.py:1125]                   ^^^^^^^^^^^^^^^^^^^^^^^^^^^^^^^^^^^^^^
W0406 21:04:02.370000 20628 site-packages\torch\_dynamo\convert_frame.py:1125]   File "C:\ProgramData\anaconda3\envs\di725-a1\Lib\site-packages\torch\_dynamo\repro\after_dynamo.py", line 129, in __call__
W0406 21:04:02.370000 20628 site-packages\torch\_dynamo\convert_frame.py:1125]     compiled_gm = compiler_fn(gm, example_inputs)
W0406 21:04:02.370000 20628 site-packages\torch\_dynamo\convert_frame.py:1125]                   ^^^^^^^^^^^^^^^^^^^^^^^^^^^^^^^
W0406 21:04:02.370000 20628 site-packages\torch\_dynamo\convert_frame.py:1125]   File "C:\ProgramData\anaconda3\envs\di725-a1\Lib\site-packages\torch\__init__.py", line 2234, in __call__
W0406 21:04:02.370000 20628 site-packages\torch\_dynamo\convert_frame.py:1125]     return compile_fx(model_, inputs_, config_patches=self.config)
W0406 21:04:02.370000 20628 site-packages\torch\_dynamo\convert_frame.py:1125]            ^^^^^^^^^^^^^^^^^^^^^^^^^^^^^^^^^^^^^^^^^^^^^^^^^^^^^^^
W0406 21:04:02.370000 20628 site-packages\torch\_dynamo\convert_frame.py:1125]   File "C:\ProgramData\anaconda3\envs\di725-a1\Lib\site-packages\torch\_inductor\compile_fx.py", line 1521, in compile_fx
W0406 21:04:02.370000 20628 site-packages\torch\_dynamo\convert_frame.py:1125]     return aot_autograd(
W0406 21:04:02.370000 20628 site-packages\torch\_dynamo\convert_frame.py:1125]            ^^^^^^^^^^^^^
W0406 21:04:02.370000 20628 site-packages\torch\_dynamo\convert_frame.py:1125]   File "C:\ProgramData\anaconda3\envs\di725-a1\Lib\site-packages\torch\_dynamo\backends\common.py", line 72, in __call__
W0406 21:04:02.370000 20628 site-packages\torch\_dynamo\convert_frame.py:1125]     cg = aot_module_simplified(gm, example_inputs, **self.kwargs)
W0406 21:04:02.370000 20628 site-packages\torch\_dynamo\convert_frame.py:1125]          ^^^^^^^^^^^^^^^^^^^^^^^^^^^^^^^^^^^^^^^^^^^^^^^^^^^^^^^^
W0406 21:04:02.370000 20628 site-packages\torch\_dynamo\convert_frame.py:1125]   File "C:\ProgramData\anaconda3\envs\di725-a1\Lib\site-packages\torch\_functorch\aot_autograd.py", line 1071, in aot_module_simplified
W0406 21:04:02.370000 20628 site-packages\torch\_dynamo\convert_frame.py:1125]     compiled_fn = dispatch_and_compile()
W0406 21:04:02.370000 20628 site-packages\torch\_dynamo\convert_frame.py:1125]                   ^^^^^^^^^^^^^^^^^^^^^^
W0406 21:04:02.370000 20628 site-packages\torch\_dynamo\convert_frame.py:1125]   File "C:\ProgramData\anaconda3\envs\di725-a1\Lib\site-packages\torch\_functorch\aot_autograd.py", line 1056, in dispatch_and_compile
W0406 21:04:02.370000 20628 site-packages\torch\_dynamo\convert_frame.py:1125]     compiled_fn, _ = create_aot_dispatcher_function(
W0406 21:04:02.370000 20628 site-packages\torch\_dynamo\convert_frame.py:1125]                      ^^^^^^^^^^^^^^^^^^^^^^^^^^^^^^^
W0406 21:04:02.370000 20628 site-packages\torch\_dynamo\convert_frame.py:1125]   File "C:\ProgramData\anaconda3\envs\di725-a1\Lib\site-packages\torch\_functorch\aot_autograd.py", line 522, in create_aot_dispatcher_function
W0406 21:04:02.370000 20628 site-packages\torch\_dynamo\convert_frame.py:1125]     return _create_aot_dispatcher_function(
W0406 21:04:02.370000 20628 site-packages\torch\_dynamo\convert_frame.py:1125]            ^^^^^^^^^^^^^^^^^^^^^^^^^^^^^^^^
W0406 21:04:02.370000 20628 site-packages\torch\_dynamo\convert_frame.py:1125]   File "C:\ProgramData\anaconda3\envs\di725-a1\Lib\site-packages\torch\_functorch\aot_autograd.py", line 759, in _create_aot_dispatcher_function
W0406 21:04:02.370000 20628 site-packages\torch\_dynamo\convert_frame.py:1125]     compiled_fn, fw_metadata = compiler_fn(
W0406 21:04:02.370000 20628 site-packages\torch\_dynamo\convert_frame.py:1125]                                ^^^^^^^^^^^^
W0406 21:04:02.370000 20628 site-packages\torch\_dynamo\convert_frame.py:1125]   File "C:\ProgramData\anaconda3\envs\di725-a1\Lib\site-packages\torch\_functorch\_aot_autograd\jit_compile_runtime_wrappers.py", line 588, in aot_dispatch_autograd
W0406 21:04:02.370000 20628 site-packages\torch\_dynamo\convert_frame.py:1125]     compiled_fw_func = aot_config.fw_compiler(fw_module, adjusted_flat_args)
W0406 21:04:02.370000 20628 site-packages\torch\_dynamo\convert_frame.py:1125]                        ^^^^^^^^^^^^^^^^^^^^^^^^^^^^^^^^^^^^^^^^^^^^^^^^^^^^^
W0406 21:04:02.370000 20628 site-packages\torch\_dynamo\convert_frame.py:1125]   File "C:\ProgramData\anaconda3\envs\di725-a1\Lib\site-packages\torch\_inductor\compile_fx.py", line 1350, in fw_compiler_base
W0406 21:04:02.370000 20628 site-packages\torch\_dynamo\convert_frame.py:1125]     return _fw_compiler_base(model, example_inputs, is_inference)
W0406 21:04:02.370000 20628 site-packages\torch\_dynamo\convert_frame.py:1125]            ^^^^^^^^^^^^^^^^^^^^^^^^^^^^^^^^^^^^^^^^^^^^^^^^^^^^^^
W0406 21:04:02.370000 20628 site-packages\torch\_dynamo\convert_frame.py:1125]   File "C:\ProgramData\anaconda3\envs\di725-a1\Lib\site-packages\torch\_inductor\compile_fx.py", line 1421, in _fw_compiler_base
W0406 21:04:02.370000 20628 site-packages\torch\_dynamo\convert_frame.py:1125]     return inner_compile(
W0406 21:04:02.370000 20628 site-packages\torch\_dynamo\convert_frame.py:1125]            ^^^^^^^^^^^^^^
W0406 21:04:02.370000 20628 site-packages\torch\_dynamo\convert_frame.py:1125]   File "C:\ProgramData\anaconda3\envs\di725-a1\Lib\site-packages\torch\_inductor\compile_fx.py", line 475, in compile_fx_inner
W0406 21:04:02.370000 20628 site-packages\torch\_dynamo\convert_frame.py:1125]     return wrap_compiler_debug(_compile_fx_inner, compiler_name="inductor")(
W0406 21:04:02.370000 20628 site-packages\torch\_dynamo\convert_frame.py:1125]            ^^^^^^^^^^^^^^^^^^^^^^^^^^^^^^^^^^^^^^^^^^^^^^^^^^^^^^^^^^^^^^^^^
W0406 21:04:02.370000 20628 site-packages\torch\_dynamo\convert_frame.py:1125]   File "C:\ProgramData\anaconda3\envs\di725-a1\Lib\site-packages\torch\_dynamo\repro\after_aot.py", line 85, in debug_wrapper
W0406 21:04:02.370000 20628 site-packages\torch\_dynamo\convert_frame.py:1125]     inner_compiled_fn = compiler_fn(gm, example_inputs)
W0406 21:04:02.370000 20628 site-packages\torch\_dynamo\convert_frame.py:1125]                         ^^^^^^^^^^^^^^^^^^^^^^^^^^^^^^^
W0406 21:04:02.370000 20628 site-packages\torch\_dynamo\convert_frame.py:1125]   File "C:\ProgramData\anaconda3\envs\di725-a1\Lib\site-packages\torch\_inductor\compile_fx.py", line 661, in _compile_fx_inner
W0406 21:04:02.370000 20628 site-packages\torch\_dynamo\convert_frame.py:1125]     compiled_graph = FxGraphCache.load(
W0406 21:04:02.370000 20628 site-packages\torch\_dynamo\convert_frame.py:1125]                      ^^^^^^^^^^^^^^^^^^
W0406 21:04:02.370000 20628 site-packages\torch\_dynamo\convert_frame.py:1125]   File "C:\ProgramData\anaconda3\envs\di725-a1\Lib\site-packages\torch\_inductor\codecache.py", line 1334, in load
W0406 21:04:02.370000 20628 site-packages\torch\_dynamo\convert_frame.py:1125]     compiled_graph = compile_fx_fn(
W0406 21:04:02.370000 20628 site-packages\torch\_dynamo\convert_frame.py:1125]                      ^^^^^^^^^^^^^^
W0406 21:04:02.370000 20628 site-packages\torch\_dynamo\convert_frame.py:1125]   File "C:\ProgramData\anaconda3\envs\di725-a1\Lib\site-packages\torch\_inductor\compile_fx.py", line 570, in codegen_and_compile
W0406 21:04:02.370000 20628 site-packages\torch\_dynamo\convert_frame.py:1125]     compiled_graph = fx_codegen_and_compile(gm, example_inputs, **fx_kwargs)
W0406 21:04:02.370000 20628 site-packages\torch\_dynamo\convert_frame.py:1125]                      ^^^^^^^^^^^^^^^^^^^^^^^^^^^^^^^^^^^^^^^^^^^^^^^^^^^^^^^
W0406 21:04:02.370000 20628 site-packages\torch\_dynamo\convert_frame.py:1125]   File "C:\ProgramData\anaconda3\envs\di725-a1\Lib\site-packages\torch\_inductor\compile_fx.py", line 878, in fx_codegen_and_compile
W0406 21:04:02.370000 20628 site-packages\torch\_dynamo\convert_frame.py:1125]     compiled_fn = graph.compile_to_fn()
W0406 21:04:02.370000 20628 site-packages\torch\_dynamo\convert_frame.py:1125]                   ^^^^^^^^^^^^^^^^^^^^^
W0406 21:04:02.370000 20628 site-packages\torch\_dynamo\convert_frame.py:1125]   File "C:\ProgramData\anaconda3\envs\di725-a1\Lib\site-packages\torch\_inductor\graph.py", line 1913, in compile_to_fn
W0406 21:04:02.370000 20628 site-packages\torch\_dynamo\convert_frame.py:1125]     return self.compile_to_module().call
W0406 21:04:02.370000 20628 site-packages\torch\_dynamo\convert_frame.py:1125]            ^^^^^^^^^^^^^^^^^^^^^^^^
W0406 21:04:02.370000 20628 site-packages\torch\_dynamo\convert_frame.py:1125]   File "C:\ProgramData\anaconda3\envs\di725-a1\Lib\site-packages\torch\_inductor\graph.py", line 1839, in compile_to_module
W0406 21:04:02.370000 20628 site-packages\torch\_dynamo\convert_frame.py:1125]     return self._compile_to_module()
W0406 21:04:02.370000 20628 site-packages\torch\_dynamo\convert_frame.py:1125]            ^^^^^^^^^^^^^^^^^^^^^^^^^
W0406 21:04:02.370000 20628 site-packages\torch\_dynamo\convert_frame.py:1125]   File "C:\ProgramData\anaconda3\envs\di725-a1\Lib\site-packages\torch\_inductor\graph.py", line 1845, in _compile_to_module
W0406 21:04:02.370000 20628 site-packages\torch\_dynamo\convert_frame.py:1125]     self.codegen_with_cpp_wrapper() if self.cpp_wrapper else self.codegen()
W0406 21:04:02.370000 20628 site-packages\torch\_dynamo\convert_frame.py:1125]                                                              ^^^^^^^^^^^^^^
W0406 21:04:02.370000 20628 site-packages\torch\_dynamo\convert_frame.py:1125]   File "C:\ProgramData\anaconda3\envs\di725-a1\Lib\site-packages\torch\_inductor\graph.py", line 1780, in codegen
W0406 21:04:02.370000 20628 site-packages\torch\_dynamo\convert_frame.py:1125]     self.scheduler = Scheduler(self.operations)
W0406 21:04:02.370000 20628 site-packages\torch\_dynamo\convert_frame.py:1125]                      ^^^^^^^^^^^^^^^^^^^^^^^^^^
W0406 21:04:02.370000 20628 site-packages\torch\_dynamo\convert_frame.py:1125]   File "C:\ProgramData\anaconda3\envs\di725-a1\Lib\site-packages\torch\_inductor\scheduler.py", line 1731, in __init__
W0406 21:04:02.370000 20628 site-packages\torch\_dynamo\convert_frame.py:1125]     self._init(nodes)
W0406 21:04:02.370000 20628 site-packages\torch\_dynamo\convert_frame.py:1125]   File "C:\ProgramData\anaconda3\envs\di725-a1\Lib\site-packages\torch\_inductor\scheduler.py", line 1749, in _init
W0406 21:04:02.370000 20628 site-packages\torch\_dynamo\convert_frame.py:1125]     self.nodes = [self.create_scheduler_node(n) for n in nodes]
W0406 21:04:02.370000 20628 site-packages\torch\_dynamo\convert_frame.py:1125]                   ^^^^^^^^^^^^^^^^^^^^^^^^^^^^^
W0406 21:04:02.370000 20628 site-packages\torch\_dynamo\convert_frame.py:1125]   File "C:\ProgramData\anaconda3\envs\di725-a1\Lib\site-packages\torch\_inductor\scheduler.py", line 1856, in create_scheduler_node
W0406 21:04:02.370000 20628 site-packages\torch\_dynamo\convert_frame.py:1125]     return SchedulerNode(self, node)
W0406 21:04:02.370000 20628 site-packages\torch\_dynamo\convert_frame.py:1125]            ^^^^^^^^^^^^^^^^^^^^^^^^^
W0406 21:04:02.370000 20628 site-packages\torch\_dynamo\convert_frame.py:1125]   File "C:\ProgramData\anaconda3\envs\di725-a1\Lib\site-packages\torch\_inductor\scheduler.py", line 833, in __init__
W0406 21:04:02.370000 20628 site-packages\torch\_dynamo\convert_frame.py:1125]     self._compute_attrs()
W0406 21:04:02.370000 20628 site-packages\torch\_dynamo\convert_frame.py:1125]   File "C:\ProgramData\anaconda3\envs\di725-a1\Lib\site-packages\torch\_inductor\scheduler.py", line 846, in _compute_attrs
W0406 21:04:02.370000 20628 site-packages\torch\_dynamo\convert_frame.py:1125]     group_fn = self.scheduler.get_backend(self.node.get_device()).group_fn
W0406 21:04:02.370000 20628 site-packages\torch\_dynamo\convert_frame.py:1125]                ^^^^^^^^^^^^^^^^^^^^^^^^^^^^^^^^^^^^^^^^^^^^^^^^^^
W0406 21:04:02.370000 20628 site-packages\torch\_dynamo\convert_frame.py:1125]   File "C:\ProgramData\anaconda3\envs\di725-a1\Lib\site-packages\torch\_inductor\scheduler.py", line 3360, in get_backend
W0406 21:04:02.370000 20628 site-packages\torch\_dynamo\convert_frame.py:1125]     self.backends[device] = self.create_backend(device)
W0406 21:04:02.370000 20628 site-packages\torch\_dynamo\convert_frame.py:1125]                             ^^^^^^^^^^^^^^^^^^^^^^^^^^^
W0406 21:04:02.370000 20628 site-packages\torch\_dynamo\convert_frame.py:1125]   File "C:\ProgramData\anaconda3\envs\di725-a1\Lib\site-packages\torch\_inductor\scheduler.py", line 3352, in create_backend
W0406 21:04:02.370000 20628 site-packages\torch\_dynamo\convert_frame.py:1125]     raise RuntimeError(
W0406 21:04:02.370000 20628 site-packages\torch\_dynamo\convert_frame.py:1125] RuntimeError: Cannot find a working triton installation. Either the package is not installed or it is too old. More information on installing Triton can be found at https://github.com/openai/triton
W0406 21:04:02.370000 20628 site-packages\torch\_dynamo\convert_frame.py:1125]
W0406 21:04:02.370000 20628 site-packages\torch\_dynamo\convert_frame.py:1125] The above exception was the direct cause of the following exception:
W0406 21:04:02.370000 20628 site-packages\torch\_dynamo\convert_frame.py:1125]
W0406 21:04:02.370000 20628 site-packages\torch\_dynamo\convert_frame.py:1125] Traceback (most recent call last):
W0406 21:04:02.370000 20628 site-packages\torch\_dynamo\convert_frame.py:1125]   File "C:\ProgramData\anaconda3\envs\di725-a1\Lib\site-packages\torch\_dynamo\convert_frame.py", line 1064, in __call__
W0406 21:04:02.370000 20628 site-packages\torch\_dynamo\convert_frame.py:1125]     result = self._inner_convert(
W0406 21:04:02.370000 20628 site-packages\torch\_dynamo\convert_frame.py:1125]              ^^^^^^^^^^^^^^^^^^^^
W0406 21:04:02.370000 20628 site-packages\torch\_dynamo\convert_frame.py:1125]   File "C:\ProgramData\anaconda3\envs\di725-a1\Lib\site-packages\torch\_dynamo\convert_frame.py", line 526, in __call__
W0406 21:04:02.370000 20628 site-packages\torch\_dynamo\convert_frame.py:1125]     return _compile(
W0406 21:04:02.370000 20628 site-packages\torch\_dynamo\convert_frame.py:1125]            ^^^^^^^^^
W0406 21:04:02.370000 20628 site-packages\torch\_dynamo\convert_frame.py:1125]   File "C:\ProgramData\anaconda3\envs\di725-a1\Lib\site-packages\torch\_dynamo\convert_frame.py", line 924, in _compile
W0406 21:04:02.370000 20628 site-packages\torch\_dynamo\convert_frame.py:1125]     guarded_code = compile_inner(code, one_graph, hooks, transform)
W0406 21:04:02.370000 20628 site-packages\torch\_dynamo\convert_frame.py:1125]                    ^^^^^^^^^^^^^^^^^^^^^^^^^^^^^^^^^^^^^^^^^^^^^^^^
W0406 21:04:02.370000 20628 site-packages\torch\_dynamo\convert_frame.py:1125]   File "C:\ProgramData\anaconda3\envs\di725-a1\Lib\site-packages\torch\_dynamo\convert_frame.py", line 666, in compile_inner
W0406 21:04:02.370000 20628 site-packages\torch\_dynamo\convert_frame.py:1125]     return _compile_inner(code, one_graph, hooks, transform)
W0406 21:04:02.370000 20628 site-packages\torch\_dynamo\convert_frame.py:1125]            ^^^^^^^^^^^^^^^^^^^^^^^^^^^^^^^^^^^^^^^^^^^^^^^^^
W0406 21:04:02.370000 20628 site-packages\torch\_dynamo\convert_frame.py:1125]   File "C:\ProgramData\anaconda3\envs\di725-a1\Lib\site-packages\torch\_utils_internal.py", line 87, in wrapper_function
W0406 21:04:02.370000 20628 site-packages\torch\_dynamo\convert_frame.py:1125]     return function(*args, **kwargs)
W0406 21:04:02.370000 20628 site-packages\torch\_dynamo\convert_frame.py:1125]            ^^^^^^^^^^^^^^^^^^^^^^^^^
W0406 21:04:02.370000 20628 site-packages\torch\_dynamo\convert_frame.py:1125]   File "C:\ProgramData\anaconda3\envs\di725-a1\Lib\site-packages\torch\_dynamo\convert_frame.py", line 699, in _compile_inner
W0406 21:04:02.370000 20628 site-packages\torch\_dynamo\convert_frame.py:1125]     out_code = transform_code_object(code, transform)
W0406 21:04:02.370000 20628 site-packages\torch\_dynamo\convert_frame.py:1125]                ^^^^^^^^^^^^^^^^^^^^^^^^^^^^^^^^^^^^^^
W0406 21:04:02.370000 20628 site-packages\torch\_dynamo\convert_frame.py:1125]   File "C:\ProgramData\anaconda3\envs\di725-a1\Lib\site-packages\torch\_dynamo\bytecode_transformation.py", line 1322, in transform_code_object
W0406 21:04:02.370000 20628 site-packages\torch\_dynamo\convert_frame.py:1125]     transformations(instructions, code_options)
W0406 21:04:02.370000 20628 site-packages\torch\_dynamo\convert_frame.py:1125]   File "C:\ProgramData\anaconda3\envs\di725-a1\Lib\site-packages\torch\_dynamo\convert_frame.py", line 219, in _fn
W0406 21:04:02.370000 20628 site-packages\torch\_dynamo\convert_frame.py:1125]     return fn(*args, **kwargs)
W0406 21:04:02.370000 20628 site-packages\torch\_dynamo\convert_frame.py:1125]            ^^^^^^^^^^^^^^^^^^^
W0406 21:04:02.370000 20628 site-packages\torch\_dynamo\convert_frame.py:1125]   File "C:\ProgramData\anaconda3\envs\di725-a1\Lib\site-packages\torch\_dynamo\convert_frame.py", line 634, in transform
W0406 21:04:02.370000 20628 site-packages\torch\_dynamo\convert_frame.py:1125]     tracer.run()
W0406 21:04:02.370000 20628 site-packages\torch\_dynamo\convert_frame.py:1125]   File "C:\ProgramData\anaconda3\envs\di725-a1\Lib\site-packages\torch\_dynamo\symbolic_convert.py", line 2796, in run
W0406 21:04:02.370000 20628 site-packages\torch\_dynamo\convert_frame.py:1125]     super().run()
W0406 21:04:02.370000 20628 site-packages\torch\_dynamo\convert_frame.py:1125]   File "C:\ProgramData\anaconda3\envs\di725-a1\Lib\site-packages\torch\_dynamo\symbolic_convert.py", line 983, in run
W0406 21:04:02.370000 20628 site-packages\torch\_dynamo\convert_frame.py:1125]     while self.step():
W0406 21:04:02.370000 20628 site-packages\torch\_dynamo\convert_frame.py:1125]           ^^^^^^^^^^^
W0406 21:04:02.370000 20628 site-packages\torch\_dynamo\convert_frame.py:1125]   File "C:\ProgramData\anaconda3\envs\di725-a1\Lib\site-packages\torch\_dynamo\symbolic_convert.py", line 895, in step
W0406 21:04:02.370000 20628 site-packages\torch\_dynamo\convert_frame.py:1125]     self.dispatch_table[inst.opcode](self, inst)
W0406 21:04:02.370000 20628 site-packages\torch\_dynamo\convert_frame.py:1125]   File "C:\ProgramData\anaconda3\envs\di725-a1\Lib\site-packages\torch\_dynamo\symbolic_convert.py", line 2987, in RETURN_VALUE
W0406 21:04:02.370000 20628 site-packages\torch\_dynamo\convert_frame.py:1125]     self._return(inst)
W0406 21:04:02.370000 20628 site-packages\torch\_dynamo\convert_frame.py:1125]   File "C:\ProgramData\anaconda3\envs\di725-a1\Lib\site-packages\torch\_dynamo\symbolic_convert.py", line 2972, in _return
W0406 21:04:02.370000 20628 site-packages\torch\_dynamo\convert_frame.py:1125]     self.output.compile_subgraph(
W0406 21:04:02.370000 20628 site-packages\torch\_dynamo\convert_frame.py:1125]   File "C:\ProgramData\anaconda3\envs\di725-a1\Lib\site-packages\torch\_dynamo\output_graph.py", line 1142, in compile_subgraph
W0406 21:04:02.370000 20628 site-packages\torch\_dynamo\convert_frame.py:1125]     self.compile_and_call_fx_graph(tx, pass2.graph_output_vars(), root)
W0406 21:04:02.370000 20628 site-packages\torch\_dynamo\convert_frame.py:1125]   File "C:\ProgramData\anaconda3\envs\di725-a1\Lib\site-packages\torch\_dynamo\output_graph.py", line 1369, in compile_and_call_fx_graph
W0406 21:04:02.370000 20628 site-packages\torch\_dynamo\convert_frame.py:1125]     compiled_fn = self.call_user_compiler(gm)
W0406 21:04:02.370000 20628 site-packages\torch\_dynamo\convert_frame.py:1125]                   ^^^^^^^^^^^^^^^^^^^^^^^^^^^
W0406 21:04:02.370000 20628 site-packages\torch\_dynamo\convert_frame.py:1125]   File "C:\ProgramData\anaconda3\envs\di725-a1\Lib\site-packages\torch\_dynamo\output_graph.py", line 1416, in call_user_compiler
W0406 21:04:02.370000 20628 site-packages\torch\_dynamo\convert_frame.py:1125]     return self._call_user_compiler(gm)
W0406 21:04:02.370000 20628 site-packages\torch\_dynamo\convert_frame.py:1125]            ^^^^^^^^^^^^^^^^^^^^^^^^^^^^
W0406 21:04:02.370000 20628 site-packages\torch\_dynamo\convert_frame.py:1125]   File "C:\ProgramData\anaconda3\envs\di725-a1\Lib\site-packages\torch\_dynamo\output_graph.py", line 1465, in _call_user_compiler
W0406 21:04:02.370000 20628 site-packages\torch\_dynamo\convert_frame.py:1125]     raise BackendCompilerFailed(self.compiler_fn, e) from e
W0406 21:04:02.370000 20628 site-packages\torch\_dynamo\convert_frame.py:1125] torch._dynamo.exc.BackendCompilerFailed: backend='inductor' raised:
W0406 21:04:02.370000 20628 site-packages\torch\_dynamo\convert_frame.py:1125] RuntimeError: Cannot find a working triton installation. Either the package is not installed or it is too old. More information on installing Triton can be found at https://github.com/openai/triton
W0406 21:04:02.370000 20628 site-packages\torch\_dynamo\convert_frame.py:1125]
W0406 21:04:02.370000 20628 site-packages\torch\_dynamo\convert_frame.py:1125] Set TORCH_LOGS="+dynamo" and TORCHDYNAMO_VERBOSE=1 for more information
W0406 21:04:02.370000 20628 site-packages\torch\_dynamo\convert_frame.py:1125]
W0406 21:04:02.370000 20628 site-packages\torch\_dynamo\convert_frame.py:1125] Traceback (most recent call last):
W0406 21:04:02.370000 20628 site-packages\torch\_dynamo\convert_frame.py:1125]   File "C:\ProgramData\anaconda3\envs\di725-a1\Lib\site-packages\torch\_dynamo\output_graph.py", line 1446, in _call_user_compiler
W0406 21:04:02.370000 20628 site-packages\torch\_dynamo\convert_frame.py:1125]     compiled_fn = compiler_fn(gm, self.example_inputs())
W0406 21:04:02.370000 20628 site-packages\torch\_dynamo\convert_frame.py:1125]                   ^^^^^^^^^^^^^^^^^^^^^^^^^^^^^^^^^^^^^^
W0406 21:04:02.370000 20628 site-packages\torch\_dynamo\convert_frame.py:1125]   File "C:\ProgramData\anaconda3\envs\di725-a1\Lib\site-packages\torch\_dynamo\repro\after_dynamo.py", line 129, in __call__
W0406 21:04:02.370000 20628 site-packages\torch\_dynamo\convert_frame.py:1125]     compiled_gm = compiler_fn(gm, example_inputs)
W0406 21:04:02.370000 20628 site-packages\torch\_dynamo\convert_frame.py:1125]                   ^^^^^^^^^^^^^^^^^^^^^^^^^^^^^^^
W0406 21:04:02.370000 20628 site-packages\torch\_dynamo\convert_frame.py:1125]   File "C:\ProgramData\anaconda3\envs\di725-a1\Lib\site-packages\torch\__init__.py", line 2234, in __call__
W0406 21:04:02.370000 20628 site-packages\torch\_dynamo\convert_frame.py:1125]     return compile_fx(model_, inputs_, config_patches=self.config)
W0406 21:04:02.370000 20628 site-packages\torch\_dynamo\convert_frame.py:1125]            ^^^^^^^^^^^^^^^^^^^^^^^^^^^^^^^^^^^^^^^^^^^^^^^^^^^^^^^
W0406 21:04:02.370000 20628 site-packages\torch\_dynamo\convert_frame.py:1125]   File "C:\ProgramData\anaconda3\envs\di725-a1\Lib\site-packages\torch\_inductor\compile_fx.py", line 1521, in compile_fx
W0406 21:04:02.370000 20628 site-packages\torch\_dynamo\convert_frame.py:1125]     return aot_autograd(
W0406 21:04:02.370000 20628 site-packages\torch\_dynamo\convert_frame.py:1125]            ^^^^^^^^^^^^^
W0406 21:04:02.370000 20628 site-packages\torch\_dynamo\convert_frame.py:1125]   File "C:\ProgramData\anaconda3\envs\di725-a1\Lib\site-packages\torch\_dynamo\backends\common.py", line 72, in __call__
W0406 21:04:02.370000 20628 site-packages\torch\_dynamo\convert_frame.py:1125]     cg = aot_module_simplified(gm, example_inputs, **self.kwargs)
W0406 21:04:02.370000 20628 site-packages\torch\_dynamo\convert_frame.py:1125]          ^^^^^^^^^^^^^^^^^^^^^^^^^^^^^^^^^^^^^^^^^^^^^^^^^^^^^^^^
W0406 21:04:02.370000 20628 site-packages\torch\_dynamo\convert_frame.py:1125]   File "C:\ProgramData\anaconda3\envs\di725-a1\Lib\site-packages\torch\_functorch\aot_autograd.py", line 1071, in aot_module_simplified
W0406 21:04:02.370000 20628 site-packages\torch\_dynamo\convert_frame.py:1125]     compiled_fn = dispatch_and_compile()
W0406 21:04:02.370000 20628 site-packages\torch\_dynamo\convert_frame.py:1125]                   ^^^^^^^^^^^^^^^^^^^^^^
W0406 21:04:02.370000 20628 site-packages\torch\_dynamo\convert_frame.py:1125]   File "C:\ProgramData\anaconda3\envs\di725-a1\Lib\site-packages\torch\_functorch\aot_autograd.py", line 1056, in dispatch_and_compile
W0406 21:04:02.370000 20628 site-packages\torch\_dynamo\convert_frame.py:1125]     compiled_fn, _ = create_aot_dispatcher_function(
W0406 21:04:02.370000 20628 site-packages\torch\_dynamo\convert_frame.py:1125]                      ^^^^^^^^^^^^^^^^^^^^^^^^^^^^^^^
W0406 21:04:02.370000 20628 site-packages\torch\_dynamo\convert_frame.py:1125]   File "C:\ProgramData\anaconda3\envs\di725-a1\Lib\site-packages\torch\_functorch\aot_autograd.py", line 522, in create_aot_dispatcher_function
W0406 21:04:02.370000 20628 site-packages\torch\_dynamo\convert_frame.py:1125]     return _create_aot_dispatcher_function(
W0406 21:04:02.370000 20628 site-packages\torch\_dynamo\convert_frame.py:1125]            ^^^^^^^^^^^^^^^^^^^^^^^^^^^^^^^^
W0406 21:04:02.370000 20628 site-packages\torch\_dynamo\convert_frame.py:1125]   File "C:\ProgramData\anaconda3\envs\di725-a1\Lib\site-packages\torch\_functorch\aot_autograd.py", line 759, in _create_aot_dispatcher_function
W0406 21:04:02.370000 20628 site-packages\torch\_dynamo\convert_frame.py:1125]     compiled_fn, fw_metadata = compiler_fn(
W0406 21:04:02.370000 20628 site-packages\torch\_dynamo\convert_frame.py:1125]                                ^^^^^^^^^^^^
W0406 21:04:02.370000 20628 site-packages\torch\_dynamo\convert_frame.py:1125]   File "C:\ProgramData\anaconda3\envs\di725-a1\Lib\site-packages\torch\_functorch\_aot_autograd\jit_compile_runtime_wrappers.py", line 588, in aot_dispatch_autograd
W0406 21:04:02.370000 20628 site-packages\torch\_dynamo\convert_frame.py:1125]     compiled_fw_func = aot_config.fw_compiler(fw_module, adjusted_flat_args)
W0406 21:04:02.370000 20628 site-packages\torch\_dynamo\convert_frame.py:1125]                        ^^^^^^^^^^^^^^^^^^^^^^^^^^^^^^^^^^^^^^^^^^^^^^^^^^^^^
W0406 21:04:02.370000 20628 site-packages\torch\_dynamo\convert_frame.py:1125]   File "C:\ProgramData\anaconda3\envs\di725-a1\Lib\site-packages\torch\_inductor\compile_fx.py", line 1350, in fw_compiler_base
W0406 21:04:02.370000 20628 site-packages\torch\_dynamo\convert_frame.py:1125]     return _fw_compiler_base(model, example_inputs, is_inference)
W0406 21:04:02.370000 20628 site-packages\torch\_dynamo\convert_frame.py:1125]            ^^^^^^^^^^^^^^^^^^^^^^^^^^^^^^^^^^^^^^^^^^^^^^^^^^^^^^
W0406 21:04:02.370000 20628 site-packages\torch\_dynamo\convert_frame.py:1125]   File "C:\ProgramData\anaconda3\envs\di725-a1\Lib\site-packages\torch\_inductor\compile_fx.py", line 1421, in _fw_compiler_base
W0406 21:04:02.370000 20628 site-packages\torch\_dynamo\convert_frame.py:1125]     return inner_compile(
W0406 21:04:02.370000 20628 site-packages\torch\_dynamo\convert_frame.py:1125]            ^^^^^^^^^^^^^^
W0406 21:04:02.370000 20628 site-packages\torch\_dynamo\convert_frame.py:1125]   File "C:\ProgramData\anaconda3\envs\di725-a1\Lib\site-packages\torch\_inductor\compile_fx.py", line 475, in compile_fx_inner
W0406 21:04:02.370000 20628 site-packages\torch\_dynamo\convert_frame.py:1125]     return wrap_compiler_debug(_compile_fx_inner, compiler_name="inductor")(
W0406 21:04:02.370000 20628 site-packages\torch\_dynamo\convert_frame.py:1125]            ^^^^^^^^^^^^^^^^^^^^^^^^^^^^^^^^^^^^^^^^^^^^^^^^^^^^^^^^^^^^^^^^^
W0406 21:04:02.370000 20628 site-packages\torch\_dynamo\convert_frame.py:1125]   File "C:\ProgramData\anaconda3\envs\di725-a1\Lib\site-packages\torch\_dynamo\repro\after_aot.py", line 85, in debug_wrapper
W0406 21:04:02.370000 20628 site-packages\torch\_dynamo\convert_frame.py:1125]     inner_compiled_fn = compiler_fn(gm, example_inputs)
W0406 21:04:02.370000 20628 site-packages\torch\_dynamo\convert_frame.py:1125]                         ^^^^^^^^^^^^^^^^^^^^^^^^^^^^^^^
W0406 21:04:02.370000 20628 site-packages\torch\_dynamo\convert_frame.py:1125]   File "C:\ProgramData\anaconda3\envs\di725-a1\Lib\site-packages\torch\_inductor\compile_fx.py", line 661, in _compile_fx_inner
W0406 21:04:02.370000 20628 site-packages\torch\_dynamo\convert_frame.py:1125]     compiled_graph = FxGraphCache.load(
W0406 21:04:02.370000 20628 site-packages\torch\_dynamo\convert_frame.py:1125]                      ^^^^^^^^^^^^^^^^^^
W0406 21:04:02.370000 20628 site-packages\torch\_dynamo\convert_frame.py:1125]   File "C:\ProgramData\anaconda3\envs\di725-a1\Lib\site-packages\torch\_inductor\codecache.py", line 1334, in load
W0406 21:04:02.370000 20628 site-packages\torch\_dynamo\convert_frame.py:1125]     compiled_graph = compile_fx_fn(
W0406 21:04:02.370000 20628 site-packages\torch\_dynamo\convert_frame.py:1125]                      ^^^^^^^^^^^^^^
W0406 21:04:02.370000 20628 site-packages\torch\_dynamo\convert_frame.py:1125]   File "C:\ProgramData\anaconda3\envs\di725-a1\Lib\site-packages\torch\_inductor\compile_fx.py", line 570, in codegen_and_compile
W0406 21:04:02.370000 20628 site-packages\torch\_dynamo\convert_frame.py:1125]     compiled_graph = fx_codegen_and_compile(gm, example_inputs, **fx_kwargs)
W0406 21:04:02.370000 20628 site-packages\torch\_dynamo\convert_frame.py:1125]                      ^^^^^^^^^^^^^^^^^^^^^^^^^^^^^^^^^^^^^^^^^^^^^^^^^^^^^^^
W0406 21:04:02.370000 20628 site-packages\torch\_dynamo\convert_frame.py:1125]   File "C:\ProgramData\anaconda3\envs\di725-a1\Lib\site-packages\torch\_inductor\compile_fx.py", line 878, in fx_codegen_and_compile
W0406 21:04:02.370000 20628 site-packages\torch\_dynamo\convert_frame.py:1125]     compiled_fn = graph.compile_to_fn()
W0406 21:04:02.370000 20628 site-packages\torch\_dynamo\convert_frame.py:1125]                   ^^^^^^^^^^^^^^^^^^^^^
W0406 21:04:02.370000 20628 site-packages\torch\_dynamo\convert_frame.py:1125]   File "C:\ProgramData\anaconda3\envs\di725-a1\Lib\site-packages\torch\_inductor\graph.py", line 1913, in compile_to_fn
W0406 21:04:02.370000 20628 site-packages\torch\_dynamo\convert_frame.py:1125]     return self.compile_to_module().call
W0406 21:04:02.370000 20628 site-packages\torch\_dynamo\convert_frame.py:1125]            ^^^^^^^^^^^^^^^^^^^^^^^^
W0406 21:04:02.370000 20628 site-packages\torch\_dynamo\convert_frame.py:1125]   File "C:\ProgramData\anaconda3\envs\di725-a1\Lib\site-packages\torch\_inductor\graph.py", line 1839, in compile_to_module
W0406 21:04:02.370000 20628 site-packages\torch\_dynamo\convert_frame.py:1125]     return self._compile_to_module()
W0406 21:04:02.370000 20628 site-packages\torch\_dynamo\convert_frame.py:1125]            ^^^^^^^^^^^^^^^^^^^^^^^^^
W0406 21:04:02.370000 20628 site-packages\torch\_dynamo\convert_frame.py:1125]   File "C:\ProgramData\anaconda3\envs\di725-a1\Lib\site-packages\torch\_inductor\graph.py", line 1845, in _compile_to_module
W0406 21:04:02.370000 20628 site-packages\torch\_dynamo\convert_frame.py:1125]     self.codegen_with_cpp_wrapper() if self.cpp_wrapper else self.codegen()
W0406 21:04:02.370000 20628 site-packages\torch\_dynamo\convert_frame.py:1125]                                                              ^^^^^^^^^^^^^^
W0406 21:04:02.370000 20628 site-packages\torch\_dynamo\convert_frame.py:1125]   File "C:\ProgramData\anaconda3\envs\di725-a1\Lib\site-packages\torch\_inductor\graph.py", line 1780, in codegen
W0406 21:04:02.370000 20628 site-packages\torch\_dynamo\convert_frame.py:1125]     self.scheduler = Scheduler(self.operations)
W0406 21:04:02.370000 20628 site-packages\torch\_dynamo\convert_frame.py:1125]                      ^^^^^^^^^^^^^^^^^^^^^^^^^^
W0406 21:04:02.370000 20628 site-packages\torch\_dynamo\convert_frame.py:1125]   File "C:\ProgramData\anaconda3\envs\di725-a1\Lib\site-packages\torch\_inductor\scheduler.py", line 1731, in __init__
W0406 21:04:02.370000 20628 site-packages\torch\_dynamo\convert_frame.py:1125]     self._init(nodes)
W0406 21:04:02.370000 20628 site-packages\torch\_dynamo\convert_frame.py:1125]   File "C:\ProgramData\anaconda3\envs\di725-a1\Lib\site-packages\torch\_inductor\scheduler.py", line 1749, in _init
W0406 21:04:02.370000 20628 site-packages\torch\_dynamo\convert_frame.py:1125]     self.nodes = [self.create_scheduler_node(n) for n in nodes]
W0406 21:04:02.370000 20628 site-packages\torch\_dynamo\convert_frame.py:1125]                   ^^^^^^^^^^^^^^^^^^^^^^^^^^^^^
W0406 21:04:02.370000 20628 site-packages\torch\_dynamo\convert_frame.py:1125]   File "C:\ProgramData\anaconda3\envs\di725-a1\Lib\site-packages\torch\_inductor\scheduler.py", line 1856, in create_scheduler_node
W0406 21:04:02.370000 20628 site-packages\torch\_dynamo\convert_frame.py:1125]     return SchedulerNode(self, node)
W0406 21:04:02.370000 20628 site-packages\torch\_dynamo\convert_frame.py:1125]            ^^^^^^^^^^^^^^^^^^^^^^^^^
W0406 21:04:02.370000 20628 site-packages\torch\_dynamo\convert_frame.py:1125]   File "C:\ProgramData\anaconda3\envs\di725-a1\Lib\site-packages\torch\_inductor\scheduler.py", line 833, in __init__
W0406 21:04:02.370000 20628 site-packages\torch\_dynamo\convert_frame.py:1125]     self._compute_attrs()
W0406 21:04:02.370000 20628 site-packages\torch\_dynamo\convert_frame.py:1125]   File "C:\ProgramData\anaconda3\envs\di725-a1\Lib\site-packages\torch\_inductor\scheduler.py", line 846, in _compute_attrs
W0406 21:04:02.370000 20628 site-packages\torch\_dynamo\convert_frame.py:1125]     group_fn = self.scheduler.get_backend(self.node.get_device()).group_fn
W0406 21:04:02.370000 20628 site-packages\torch\_dynamo\convert_frame.py:1125]                ^^^^^^^^^^^^^^^^^^^^^^^^^^^^^^^^^^^^^^^^^^^^^^^^^^
W0406 21:04:02.370000 20628 site-packages\torch\_dynamo\convert_frame.py:1125]   File "C:\ProgramData\anaconda3\envs\di725-a1\Lib\site-packages\torch\_inductor\scheduler.py", line 3360, in get_backend
W0406 21:04:02.370000 20628 site-packages\torch\_dynamo\convert_frame.py:1125]     self.backends[device] = self.create_backend(device)
W0406 21:04:02.370000 20628 site-packages\torch\_dynamo\convert_frame.py:1125]                             ^^^^^^^^^^^^^^^^^^^^^^^^^^^
W0406 21:04:02.370000 20628 site-packages\torch\_dynamo\convert_frame.py:1125]   File "C:\ProgramData\anaconda3\envs\di725-a1\Lib\site-packages\torch\_inductor\scheduler.py", line 3352, in create_backend
W0406 21:04:02.370000 20628 site-packages\torch\_dynamo\convert_frame.py:1125]     raise RuntimeError(
W0406 21:04:02.370000 20628 site-packages\torch\_dynamo\convert_frame.py:1125] RuntimeError: Cannot find a working triton installation. Either the package is not installed or it is too old. More information on installing Triton can be found at https://github.com/openai/triton
W0406 21:04:02.370000 20628 site-packages\torch\_dynamo\convert_frame.py:1125]
W0406 21:04:02.370000 20628 site-packages\torch\_dynamo\convert_frame.py:1125] The above exception was the direct cause of the following exception:
W0406 21:04:02.370000 20628 site-packages\torch\_dynamo\convert_frame.py:1125]
W0406 21:04:02.370000 20628 site-packages\torch\_dynamo\convert_frame.py:1125] Traceback (most recent call last):
W0406 21:04:02.370000 20628 site-packages\torch\_dynamo\convert_frame.py:1125]   File "C:\ProgramData\anaconda3\envs\di725-a1\Lib\site-packages\torch\_dynamo\convert_frame.py", line 1064, in __call__
W0406 21:04:02.370000 20628 site-packages\torch\_dynamo\convert_frame.py:1125]     result = self._inner_convert(
W0406 21:04:02.370000 20628 site-packages\torch\_dynamo\convert_frame.py:1125]              ^^^^^^^^^^^^^^^^^^^^
W0406 21:04:02.370000 20628 site-packages\torch\_dynamo\convert_frame.py:1125]   File "C:\ProgramData\anaconda3\envs\di725-a1\Lib\site-packages\torch\_dynamo\convert_frame.py", line 526, in __call__
W0406 21:04:02.370000 20628 site-packages\torch\_dynamo\convert_frame.py:1125]     return _compile(
W0406 21:04:02.370000 20628 site-packages\torch\_dynamo\convert_frame.py:1125]            ^^^^^^^^^
W0406 21:04:02.370000 20628 site-packages\torch\_dynamo\convert_frame.py:1125]   File "C:\ProgramData\anaconda3\envs\di725-a1\Lib\site-packages\torch\_dynamo\convert_frame.py", line 924, in _compile
W0406 21:04:02.370000 20628 site-packages\torch\_dynamo\convert_frame.py:1125]     guarded_code = compile_inner(code, one_graph, hooks, transform)
W0406 21:04:02.370000 20628 site-packages\torch\_dynamo\convert_frame.py:1125]                    ^^^^^^^^^^^^^^^^^^^^^^^^^^^^^^^^^^^^^^^^^^^^^^^^
W0406 21:04:02.370000 20628 site-packages\torch\_dynamo\convert_frame.py:1125]   File "C:\ProgramData\anaconda3\envs\di725-a1\Lib\site-packages\torch\_dynamo\convert_frame.py", line 666, in compile_inner
W0406 21:04:02.370000 20628 site-packages\torch\_dynamo\convert_frame.py:1125]     return _compile_inner(code, one_graph, hooks, transform)
W0406 21:04:02.370000 20628 site-packages\torch\_dynamo\convert_frame.py:1125]            ^^^^^^^^^^^^^^^^^^^^^^^^^^^^^^^^^^^^^^^^^^^^^^^^^
W0406 21:04:02.370000 20628 site-packages\torch\_dynamo\convert_frame.py:1125]   File "C:\ProgramData\anaconda3\envs\di725-a1\Lib\site-packages\torch\_utils_internal.py", line 87, in wrapper_function
W0406 21:04:02.370000 20628 site-packages\torch\_dynamo\convert_frame.py:1125]     return function(*args, **kwargs)
W0406 21:04:02.370000 20628 site-packages\torch\_dynamo\convert_frame.py:1125]            ^^^^^^^^^^^^^^^^^^^^^^^^^
W0406 21:04:02.370000 20628 site-packages\torch\_dynamo\convert_frame.py:1125]   File "C:\ProgramData\anaconda3\envs\di725-a1\Lib\site-packages\torch\_dynamo\convert_frame.py", line 699, in _compile_inner
W0406 21:04:02.370000 20628 site-packages\torch\_dynamo\convert_frame.py:1125]     out_code = transform_code_object(code, transform)
W0406 21:04:02.370000 20628 site-packages\torch\_dynamo\convert_frame.py:1125]                ^^^^^^^^^^^^^^^^^^^^^^^^^^^^^^^^^^^^^^
W0406 21:04:02.370000 20628 site-packages\torch\_dynamo\convert_frame.py:1125]   File "C:\ProgramData\anaconda3\envs\di725-a1\Lib\site-packages\torch\_dynamo\bytecode_transformation.py", line 1322, in transform_code_object
W0406 21:04:02.370000 20628 site-packages\torch\_dynamo\convert_frame.py:1125]     transformations(instructions, code_options)
W0406 21:04:02.370000 20628 site-packages\torch\_dynamo\convert_frame.py:1125]   File "C:\ProgramData\anaconda3\envs\di725-a1\Lib\site-packages\torch\_dynamo\convert_frame.py", line 219, in _fn
W0406 21:04:02.370000 20628 site-packages\torch\_dynamo\convert_frame.py:1125]     return fn(*args, **kwargs)
W0406 21:04:02.370000 20628 site-packages\torch\_dynamo\convert_frame.py:1125]            ^^^^^^^^^^^^^^^^^^^
W0406 21:04:02.370000 20628 site-packages\torch\_dynamo\convert_frame.py:1125]   File "C:\ProgramData\anaconda3\envs\di725-a1\Lib\site-packages\torch\_dynamo\convert_frame.py", line 634, in transform
W0406 21:04:02.370000 20628 site-packages\torch\_dynamo\convert_frame.py:1125]     tracer.run()
W0406 21:04:02.370000 20628 site-packages\torch\_dynamo\convert_frame.py:1125]   File "C:\ProgramData\anaconda3\envs\di725-a1\Lib\site-packages\torch\_dynamo\symbolic_convert.py", line 2796, in run
W0406 21:04:02.370000 20628 site-packages\torch\_dynamo\convert_frame.py:1125]     super().run()
W0406 21:04:02.370000 20628 site-packages\torch\_dynamo\convert_frame.py:1125]   File "C:\ProgramData\anaconda3\envs\di725-a1\Lib\site-packages\torch\_dynamo\symbolic_convert.py", line 983, in run
W0406 21:04:02.370000 20628 site-packages\torch\_dynamo\convert_frame.py:1125]     while self.step():
W0406 21:04:02.370000 20628 site-packages\torch\_dynamo\convert_frame.py:1125]           ^^^^^^^^^^^
W0406 21:04:02.370000 20628 site-packages\torch\_dynamo\convert_frame.py:1125]   File "C:\ProgramData\anaconda3\envs\di725-a1\Lib\site-packages\torch\_dynamo\symbolic_convert.py", line 895, in step
W0406 21:04:02.370000 20628 site-packages\torch\_dynamo\convert_frame.py:1125]     self.dispatch_table[inst.opcode](self, inst)
W0406 21:04:02.370000 20628 site-packages\torch\_dynamo\convert_frame.py:1125]   File "C:\ProgramData\anaconda3\envs\di725-a1\Lib\site-packages\torch\_dynamo\symbolic_convert.py", line 2987, in RETURN_VALUE
W0406 21:04:02.370000 20628 site-packages\torch\_dynamo\convert_frame.py:1125]     self._return(inst)
W0406 21:04:02.370000 20628 site-packages\torch\_dynamo\convert_frame.py:1125]   File "C:\ProgramData\anaconda3\envs\di725-a1\Lib\site-packages\torch\_dynamo\symbolic_convert.py", line 2972, in _return
W0406 21:04:02.370000 20628 site-packages\torch\_dynamo\convert_frame.py:1125]     self.output.compile_subgraph(
W0406 21:04:02.370000 20628 site-packages\torch\_dynamo\convert_frame.py:1125]   File "C:\ProgramData\anaconda3\envs\di725-a1\Lib\site-packages\torch\_dynamo\output_graph.py", line 1142, in compile_subgraph
W0406 21:04:02.370000 20628 site-packages\torch\_dynamo\convert_frame.py:1125]     self.compile_and_call_fx_graph(tx, pass2.graph_output_vars(), root)
W0406 21:04:02.370000 20628 site-packages\torch\_dynamo\convert_frame.py:1125]   File "C:\ProgramData\anaconda3\envs\di725-a1\Lib\site-packages\torch\_dynamo\output_graph.py", line 1369, in compile_and_call_fx_graph
W0406 21:04:02.370000 20628 site-packages\torch\_dynamo\convert_frame.py:1125]     compiled_fn = self.call_user_compiler(gm)
W0406 21:04:02.370000 20628 site-packages\torch\_dynamo\convert_frame.py:1125]                   ^^^^^^^^^^^^^^^^^^^^^^^^^^^
W0406 21:04:02.370000 20628 site-packages\torch\_dynamo\convert_frame.py:1125]   File "C:\ProgramData\anaconda3\envs\di725-a1\Lib\site-packages\torch\_dynamo\output_graph.py", line 1416, in call_user_compiler
W0406 21:04:02.370000 20628 site-packages\torch\_dynamo\convert_frame.py:1125]     return self._call_user_compiler(gm)
W0406 21:04:02.370000 20628 site-packages\torch\_dynamo\convert_frame.py:1125]            ^^^^^^^^^^^^^^^^^^^^^^^^^^^^
W0406 21:04:02.370000 20628 site-packages\torch\_dynamo\convert_frame.py:1125]   File "C:\ProgramData\anaconda3\envs\di725-a1\Lib\site-packages\torch\_dynamo\output_graph.py", line 1465, in _call_user_compiler
W0406 21:04:02.370000 20628 site-packages\torch\_dynamo\convert_frame.py:1125]     raise BackendCompilerFailed(self.compiler_fn, e) from e
W0406 21:04:02.370000 20628 site-packages\torch\_dynamo\convert_frame.py:1125] torch._dynamo.exc.BackendCompilerFailed: backend='inductor' raised:
W0406 21:04:02.370000 20628 site-packages\torch\_dynamo\convert_frame.py:1125] RuntimeError: Cannot find a working triton installation. Either the package is not installed or it is too old. More information on installing Triton can be found at https://github.com/openai/triton
W0406 21:04:02.370000 20628 site-packages\torch\_dynamo\convert_frame.py:1125]
W0406 21:04:02.370000 20628 site-packages\torch\_dynamo\convert_frame.py:1125] Set TORCH_LOGS="+dynamo" and TORCHDYNAMO_VERBOSE=1 for more information
W0406 21:04:02.370000 20628 site-packages\torch\_dynamo\convert_frame.py:1125]
step 0: train loss 0.7875, val loss 0.8045
step 200: train loss 0.6565, val loss 0.7224
step 400: train loss 0.6471, val loss 0.7015
step 600: train loss 0.6598, val loss 0.7397
step 800: train loss 0.6379, val loss 0.6984
step 1000: train loss 0.6468, val loss 0.7160
step 1200: train loss 0.6380, val loss 0.7073
step 1400: train loss 0.6248, val loss 0.7138
step 1600: train loss 0.6406, val loss 0.7257
step 1800: train loss 0.6269, val loss 0.6728
step 2000: train loss 0.6753, val loss 0.7480
step 2200: train loss 0.6302, val loss 0.7161
step 2400: train loss 0.6144, val loss 0.6610
step 2600: train loss 0.6146, val loss 0.7309
step 2800: train loss 0.5946, val loss 0.7011
step 3000: train loss 0.5744, val loss 0.7289
step 3200: train loss 0.5905, val loss 0.7053
step 3400: train loss 0.5644, val loss 0.7092
step 3600: train loss 0.5807, val loss 0.7666
Stopping early
Test Loss: 1.4704, Accuracy: 0.5000
C:\ProgramData\anaconda3\envs\di725-a1\Lib\site-packages\sklearn\metrics\_classification.py:1565: UndefinedMetricWarning: Precision is ill-defined and being set to 0.0 in labels with no predicted samples. Use `zero_division` parameter to control this behavior.
  _warn_prf(average, modifier, f"{metric.capitalize()} is", len(result))
C:\ProgramData\anaconda3\envs\di725-a1\Lib\site-packages\sklearn\metrics\_classification.py:1565: UndefinedMetricWarning: Precision is ill-defined and being set to 0.0 in labels with no predicted samples. Use `zero_division` parameter to control this behavior.
  _warn_prf(average, modifier, f"{metric.capitalize()} is", len(result))
C:\ProgramData\anaconda3\envs\di725-a1\Lib\site-packages\sklearn\metrics\_classification.py:1565: UndefinedMetricWarning: Precision is ill-defined and being set to 0.0 in labels with no predicted samples. Use `zero_division` parameter to control this behavior.
  _warn_prf(average, modifier, f"{metric.capitalize()} is", len(result))
              precision    recall  f1-score   support

     neutral       0.40      1.00      0.57        10
    negative       1.00      0.50      0.67        10
    positive       0.00      0.00      0.00        10

    accuracy                           0.50        30
   macro avg       0.47      0.50      0.41        30
weighted avg       0.47      0.50      0.41        30
